<?xml version="1.0" encoding="UTF-8"?>
<!-- Generated by org.testng.reporters.JUnitReportReporter -->
<testsuite skipped="0" hostname="bhavya-110-a04" name="RentalCars.RentalCars.RentalCarsTest" tests="4" failures="0" timestamp="07 Feb 2019 00:37:22 GMT" time="0.022" errors="0">
  <testcase name="verifyLowestPriceAfterDiscount" time="0.002" classname="RentalCars.RentalCars.RentalCarsTest"/>
  <testcase name="verifyHeightRevenu" time="0.002" classname="RentalCars.RentalCars.RentalCarsTest"/>
  <testcase name="verifyLowestPriceCar" time="0.001" classname="RentalCars.RentalCars.RentalCarsTest"/>
  <testcase name="verifyCarColor" time="0.017" classname="RentalCars.RentalCars.RentalCarsTest"/>
</testsuite> <!-- RentalCars.RentalCars.RentalCarsTest -->
